<?xml version="1.0" encoding="UTF-8"?>
<!-- Generated by org.testng.reporters.JUnitReportReporter -->
<testsuite skipped="0" hostname="MQDSNR06-PC" name="extend_reports_testng.NewTest" tests="4" failures="0" timestamp="2020-01-29T01:59:16 IST" time="6.260" errors="0">
  <testcase name="Ranford_homepage" time="0.263" classname="extend_reports_testng.NewTest"/>
  <testcase name="Admin_login" time="1.291" classname="extend_reports_testng.NewTest"/>
  <testcase name="branch_creation" time="1.767" classname="extend_reports_testng.NewTest"/>
  <testcase name="Role_creation" time="2.939" classname="extend_reports_testng.NewTest"/>
</testsuite> <!-- extend_reports_testng.NewTest -->
